<?xml version="1.0" encoding="UTF-8"?>
<!-- Generated by org.testng.reporters.JUnitReportReporter -->
<testsuite hostname="1035-IND" failures="0" tests="1" name="com.amazon.qa.tests.AddressPageTest" time="25.671" errors="0" timestamp="2020-05-12T14:08:28 IST" skipped="0">
  <testcase classname="com.amazon.qa.tests.AddressPageTest" name="addressTest" time="25.671"/>
  <system-out/>
</testsuite> <!-- com.amazon.qa.tests.AddressPageTest -->
