<?xml version="1.0" encoding="UTF-8"?>
<!-- Generated by org.testng.reporters.JUnitReportReporter -->
<testsuite hostname="1035-IND" failures="0" tests="1" name="com.amazon.qa.tests.SearchPageTest" time="49.128" errors="0" timestamp="2020-05-12T13:59:03 IST" skipped="0">
  <testcase classname="com.amazon.qa.tests.SearchPageTest" name="listTest" time="49.128"/>
  <system-out/>
</testsuite> <!-- com.amazon.qa.tests.SearchPageTest -->
