<?xml version="1.0" encoding="UTF-8"?>
<!-- Generated by org.testng.reporters.JUnitReportReporter -->
<testsuite hostname="1035-IND" failures="0" tests="3" name="com.amazon.qa.tests.LoginPageTest" time="48.177" errors="0" timestamp="2020-05-12T13:59:03 IST" skipped="0">
  <testcase classname="com.amazon.qa.tests.LoginPageTest" name="titleTest" time="12.745"/>
  <system-out/>
  <testcase classname="com.amazon.qa.tests.LoginPageTest" name="logoTest" time="13.040"/>
  <system-out/>
  <testcase classname="com.amazon.qa.tests.LoginPageTest" name="loginTest" time="22.392"/>
  <system-out/>
</testsuite> <!-- com.amazon.qa.tests.LoginPageTest -->
