<?xml version="1.0" encoding="UTF-8"?>
<!-- Generated by org.testng.reporters.JUnitReportReporter -->
<testsuite hostname="1035-IND" failures="0" tests="3" name="com.amazon.qa.tests.LoginPageTest" time="29.014" errors="0" timestamp="2020-05-15T11:35:49 IST" skipped="0">
  <testcase classname="com.amazon.qa.tests.LoginPageTest" name="titleTest" time="6.886"/>
  <system-out/>
  <testcase classname="com.amazon.qa.tests.LoginPageTest" name="logoTest" time="8.386"/>
  <system-out/>
  <testcase classname="com.amazon.qa.tests.LoginPageTest" name="loginTest" time="13.742"/>
  <system-out/>
</testsuite> <!-- com.amazon.qa.tests.LoginPageTest -->
