<?xml version="1.0" encoding="UTF-8"?>
<!-- Generated by org.testng.reporters.JUnitReportReporter -->
<testsuite hostname="1035-IND" failures="0" tests="4" name="com.amazon.qa.tests.HomePageTest" time="89.051" errors="0" timestamp="2020-05-15T11:35:49 IST" skipped="0">
  <testcase classname="com.amazon.qa.tests.HomePageTest" name="homePagetitleTest" time="16.360"/>
  <system-out/>
  <testcase classname="com.amazon.qa.tests.HomePageTest" name="labelTest" time="16.372"/>
  <system-out/>
  <testcase classname="com.amazon.qa.tests.HomePageTest" name="cartPageTest" time="28.944"/>
  <system-out/>
  <testcase classname="com.amazon.qa.tests.HomePageTest" name="searchPageTest" time="27.375"/>
  <system-out/>
</testsuite> <!-- com.amazon.qa.tests.HomePageTest -->
